<?xml version="1.0" encoding="UTF-8"?>
<testng-results skipped="0" failed="0" ignored="0" total="2" passed="2">
  <reporter-output>
  </reporter-output>
  <suite name="FREE CRM Application Test Automation Test Suite" duration-ms="10691" started-at="2019-08-23T16:00:37 IST" finished-at="2019-08-23T16:00:47 IST">
    <groups>
    </groups>
    <test name="Free CRM App Test Cases" duration-ms="10691" started-at="2019-08-23T16:00:37 IST" finished-at="2019-08-23T16:00:47 IST">
      <class name="com.crm.qa.testcases.HomePageTest">
        <test-method status="PASS" signature="sample()[pri:0, instance:com.crm.qa.testcases.HomePageTest@6b9651f3]" name="sample" duration-ms="1" started-at="2019-08-23T16:00:47 IST" finished-at="2019-08-23T16:00:47 IST">
          <reporter-output>
          </reporter-output>
        </test-method> <!-- sample -->
      </class> <!-- com.crm.qa.testcases.HomePageTest -->
      <class name="com.crm.qa.testcases.LoginPageTest">
        <test-method status="PASS" signature="setUp()[pri:0, instance:com.crm.qa.testcases.LoginPageTest@5bb21b69]" name="setUp" is-config="true" duration-ms="9841" started-at="2019-08-23T16:00:37 IST" finished-at="2019-08-23T16:00:46 IST">
          <reporter-output>
          </reporter-output>
        </test-method> <!-- setUp -->
        <test-method status="PASS" signature="loginPageTitle()[pri:0, instance:com.crm.qa.testcases.LoginPageTest@5bb21b69]" name="loginPageTitle" duration-ms="56" started-at="2019-08-23T16:00:46 IST" finished-at="2019-08-23T16:00:47 IST">
          <reporter-output>
          </reporter-output>
        </test-method> <!-- loginPageTitle -->
        <test-method status="PASS" signature="tearDown()[pri:0, instance:com.crm.qa.testcases.LoginPageTest@5bb21b69]" name="tearDown" is-config="true" duration-ms="754" started-at="2019-08-23T16:00:47 IST" finished-at="2019-08-23T16:00:47 IST">
          <reporter-output>
          </reporter-output>
        </test-method> <!-- tearDown -->
      </class> <!-- com.crm.qa.testcases.LoginPageTest -->
    </test> <!-- Free CRM App Test Cases -->
  </suite> <!-- FREE CRM Application Test Automation Test Suite -->
</testng-results>
